{"/Users/karlobuhinjak/Desktop/mern-todo-testing/server/src/app.js": {"path":"/Users/karlobuhinjak/Desktop/mern-todo-testing/server/src/app.js","statementMap":{"0":{"start":{"line":1,"column":16},"end":{"line":1,"column":34}},"1":{"start":{"line":2,"column":13},"end":{"line":2,"column":28}},"2":{"start":{"line":3,"column":19},"end":{"line":3,"column":50}},"3":{"start":{"line":4,"column":17},"end":{"line":4,"column":61}},"4":{"start":{"line":5,"column":21},"end":{"line":5,"column":62}},"5":{"start":{"line":7,"column":12},"end":{"line":7,"column":21}},"6":{"start":{"line":10,"column":0},"end":{"line":10,"column":16}},"7":{"start":{"line":11,"column":0},"end":{"line":11,"column":24}},"8":{"start":{"line":13,"column":0},"end":{"line":13,"column":34}},"9":{"start":{"line":15,"column":0},"end":{"line":15,"column":18}},"10":{"start":{"line":16,"column":0},"end":{"line":16,"column":22}},"11":{"start":{"line":18,"column":0},"end":{"line":18,"column":21}}},"fnMap":{},"branchMap":{},"s":{"0":4,"1":4,"2":4,"3":4,"4":4,"5":4,"6":4,"7":4,"8":4,"9":4,"10":4,"11":4},"f":{},"b":{},"_coverageSchema":"1a1c01bbd47fc00a2c39e90264f33305004495a9","hash":"4840165eb9777300df727ecb2546ff6b432ca10c"}
,"/Users/karlobuhinjak/Desktop/mern-todo-testing/server/src/controllers/todo.controller.js": {"path":"/Users/karlobuhinjak/Desktop/mern-todo-testing/server/src/controllers/todo.controller.js","statementMap":{"0":{"start":{"line":1,"column":20},"end":{"line":1,"column":55}},"1":{"start":{"line":3,"column":19},"end":{"line":14,"column":1}},"2":{"start":{"line":4,"column":2},"end":{"line":13,"column":3}},"3":{"start":{"line":5,"column":4},"end":{"line":7,"column":5}},"4":{"start":{"line":6,"column":6},"end":{"line":6,"column":68}},"5":{"start":{"line":9,"column":17},"end":{"line":9,"column":55}},"6":{"start":{"line":10,"column":4},"end":{"line":10,"column":31}},"7":{"start":{"line":12,"column":4},"end":{"line":12,"column":16}},"8":{"start":{"line":16,"column":17},"end":{"line":23,"column":1}},"9":{"start":{"line":17,"column":2},"end":{"line":22,"column":3}},"10":{"start":{"line":18,"column":18},"end":{"line":18,"column":46}},"11":{"start":{"line":19,"column":4},"end":{"line":19,"column":20}},"12":{"start":{"line":21,"column":4},"end":{"line":21,"column":16}},"13":{"start":{"line":25,"column":19},"end":{"line":33,"column":1}},"14":{"start":{"line":26,"column":2},"end":{"line":32,"column":3}},"15":{"start":{"line":27,"column":17},"end":{"line":27,"column":70}},"16":{"start":{"line":28,"column":4},"end":{"line":28,"column":74}},"17":{"start":{"line":28,"column":15},"end":{"line":28,"column":74}},"18":{"start":{"line":29,"column":4},"end":{"line":29,"column":19}},"19":{"start":{"line":31,"column":4},"end":{"line":31,"column":16}},"20":{"start":{"line":35,"column":19},"end":{"line":43,"column":1}},"21":{"start":{"line":36,"column":2},"end":{"line":42,"column":3}},"22":{"start":{"line":37,"column":17},"end":{"line":37,"column":60}},"23":{"start":{"line":38,"column":4},"end":{"line":38,"column":74}},"24":{"start":{"line":38,"column":15},"end":{"line":38,"column":74}},"25":{"start":{"line":39,"column":4},"end":{"line":39,"column":27}},"26":{"start":{"line":41,"column":4},"end":{"line":41,"column":16}},"27":{"start":{"line":45,"column":0},"end":{"line":50,"column":2}}},"fnMap":{"0":{"name":"(anonymous_0)","decl":{"start":{"line":3,"column":19},"end":{"line":3,"column":20}},"loc":{"start":{"line":3,"column":45},"end":{"line":14,"column":1}},"line":3},"1":{"name":"(anonymous_1)","decl":{"start":{"line":16,"column":17},"end":{"line":16,"column":18}},"loc":{"start":{"line":16,"column":43},"end":{"line":23,"column":1}},"line":16},"2":{"name":"(anonymous_2)","decl":{"start":{"line":25,"column":19},"end":{"line":25,"column":20}},"loc":{"start":{"line":25,"column":45},"end":{"line":33,"column":1}},"line":25},"3":{"name":"(anonymous_3)","decl":{"start":{"line":35,"column":19},"end":{"line":35,"column":20}},"loc":{"start":{"line":35,"column":45},"end":{"line":43,"column":1}},"line":35}},"branchMap":{"0":{"loc":{"start":{"line":5,"column":4},"end":{"line":7,"column":5}},"type":"if","locations":[{"start":{"line":5,"column":4},"end":{"line":7,"column":5}},{"start":{},"end":{}}],"line":5},"1":{"loc":{"start":{"line":28,"column":4},"end":{"line":28,"column":74}},"type":"if","locations":[{"start":{"line":28,"column":4},"end":{"line":28,"column":74}},{"start":{},"end":{}}],"line":28},"2":{"loc":{"start":{"line":38,"column":4},"end":{"line":38,"column":74}},"type":"if","locations":[{"start":{"line":38,"column":4},"end":{"line":38,"column":74}},{"start":{},"end":{}}],"line":38}},"s":{"0":4,"1":4,"2":2,"3":2,"4":1,"5":1,"6":1,"7":0,"8":4,"9":1,"10":1,"11":1,"12":0,"13":4,"14":1,"15":1,"16":1,"17":0,"18":1,"19":0,"20":4,"21":1,"22":1,"23":1,"24":0,"25":1,"26":0,"27":4},"f":{"0":2,"1":1,"2":1,"3":1},"b":{"0":[1,1],"1":[0,1],"2":[0,1]},"_coverageSchema":"1a1c01bbd47fc00a2c39e90264f33305004495a9","hash":"91ae9a1808fc3da7a003ec6f4d71ddb7c3277f39"}
,"/Users/karlobuhinjak/Desktop/mern-todo-testing/server/src/middlewares/error.middleware.js": {"path":"/Users/karlobuhinjak/Desktop/mern-todo-testing/server/src/middlewares/error.middleware.js","statementMap":{"0":{"start":{"line":1,"column":0},"end":{"line":13,"column":2}},"1":{"start":{"line":3,"column":2},"end":{"line":7,"column":3}},"2":{"start":{"line":4,"column":4},"end":{"line":6,"column":7}},"3":{"start":{"line":10,"column":2},"end":{"line":12,"column":5}}},"fnMap":{"0":{"name":"(anonymous_0)","decl":{"start":{"line":1,"column":17},"end":{"line":1,"column":18}},"loc":{"start":{"line":1,"column":42},"end":{"line":13,"column":1}},"line":1}},"branchMap":{"0":{"loc":{"start":{"line":3,"column":2},"end":{"line":7,"column":3}},"type":"if","locations":[{"start":{"line":3,"column":2},"end":{"line":7,"column":3}},{"start":{},"end":{}}],"line":3},"1":{"loc":{"start":{"line":11,"column":13},"end":{"line":11,"column":42}},"type":"binary-expr","locations":[{"start":{"line":11,"column":13},"end":{"line":11,"column":24}},{"start":{"line":11,"column":28},"end":{"line":11,"column":42}}],"line":11}},"s":{"0":4,"1":0,"2":0,"3":0},"f":{"0":0},"b":{"0":[0,0],"1":[0,0]},"_coverageSchema":"1a1c01bbd47fc00a2c39e90264f33305004495a9","hash":"788c018ea50ac85f6e5598d3a99bac8ecbc48a5d"}
,"/Users/karlobuhinjak/Desktop/mern-todo-testing/server/src/middlewares/notFound.middleware.js": {"path":"/Users/karlobuhinjak/Desktop/mern-todo-testing/server/src/middlewares/notFound.middleware.js","statementMap":{"0":{"start":{"line":1,"column":0},"end":{"line":3,"column":2}},"1":{"start":{"line":2,"column":2},"end":{"line":2,"column":55}}},"fnMap":{"0":{"name":"(anonymous_0)","decl":{"start":{"line":1,"column":17},"end":{"line":1,"column":18}},"loc":{"start":{"line":1,"column":37},"end":{"line":3,"column":1}},"line":1}},"branchMap":{},"s":{"0":4,"1":2},"f":{"0":2},"b":{},"_coverageSchema":"1a1c01bbd47fc00a2c39e90264f33305004495a9","hash":"84be5e91af13e4c9249881cc9cbbe17a2391bf8f"}
,"/Users/karlobuhinjak/Desktop/mern-todo-testing/server/src/models/todo.model.js": {"path":"/Users/karlobuhinjak/Desktop/mern-todo-testing/server/src/models/todo.model.js","statementMap":{"0":{"start":{"line":1,"column":17},"end":{"line":1,"column":36}},"1":{"start":{"line":3,"column":19},"end":{"line":16,"column":1}},"2":{"start":{"line":18,"column":0},"end":{"line":18,"column":52}}},"fnMap":{},"branchMap":{},"s":{"0":4,"1":4,"2":4},"f":{},"b":{},"_coverageSchema":"1a1c01bbd47fc00a2c39e90264f33305004495a9","hash":"1ba93602f1094ee3b9fbcfdf2227a00709779f89"}
,"/Users/karlobuhinjak/Desktop/mern-todo-testing/server/src/routes/todo.routes.js": {"path":"/Users/karlobuhinjak/Desktop/mern-todo-testing/server/src/routes/todo.routes.js","statementMap":{"0":{"start":{"line":1,"column":16},"end":{"line":1,"column":34}},"1":{"start":{"line":2,"column":15},"end":{"line":2,"column":31}},"2":{"start":{"line":3,"column":19},"end":{"line":3,"column":60}},"3":{"start":{"line":5,"column":0},"end":{"line":5,"column":40}},"4":{"start":{"line":6,"column":0},"end":{"line":6,"column":37}},"5":{"start":{"line":7,"column":0},"end":{"line":7,"column":42}},"6":{"start":{"line":8,"column":0},"end":{"line":8,"column":45}},"7":{"start":{"line":10,"column":0},"end":{"line":10,"column":24}}},"fnMap":{},"branchMap":{},"s":{"0":4,"1":4,"2":4,"3":4,"4":4,"5":4,"6":4,"7":4},"f":{},"b":{},"_coverageSchema":"1a1c01bbd47fc00a2c39e90264f33305004495a9","hash":"16bdfe41de0c874fa674e673bfeb93740fc79062"}
,"/Users/karlobuhinjak/Desktop/mern-todo-testing/server/src/services/todo.service.js": {"path":"/Users/karlobuhinjak/Desktop/mern-todo-testing/server/src/services/todo.service.js","statementMap":{"0":{"start":{"line":1,"column":13},"end":{"line":1,"column":44}},"1":{"start":{"line":3,"column":19},"end":{"line":5,"column":1}},"2":{"start":{"line":4,"column":2},"end":{"line":4,"column":33}},"3":{"start":{"line":7,"column":17},"end":{"line":9,"column":1}},"4":{"start":{"line":8,"column":2},"end":{"line":8,"column":51}},"5":{"start":{"line":11,"column":19},"end":{"line":13,"column":1}},"6":{"start":{"line":12,"column":2},"end":{"line":12,"column":63}},"7":{"start":{"line":15,"column":19},"end":{"line":17,"column":1}},"8":{"start":{"line":16,"column":2},"end":{"line":16,"column":42}},"9":{"start":{"line":19,"column":0},"end":{"line":24,"column":2}}},"fnMap":{"0":{"name":"(anonymous_0)","decl":{"start":{"line":3,"column":19},"end":{"line":3,"column":20}},"loc":{"start":{"line":3,"column":35},"end":{"line":5,"column":1}},"line":3},"1":{"name":"(anonymous_1)","decl":{"start":{"line":7,"column":17},"end":{"line":7,"column":18}},"loc":{"start":{"line":7,"column":29},"end":{"line":9,"column":1}},"line":7},"2":{"name":"(anonymous_2)","decl":{"start":{"line":11,"column":19},"end":{"line":11,"column":20}},"loc":{"start":{"line":11,"column":39},"end":{"line":13,"column":1}},"line":11},"3":{"name":"(anonymous_3)","decl":{"start":{"line":15,"column":19},"end":{"line":15,"column":20}},"loc":{"start":{"line":15,"column":33},"end":{"line":17,"column":1}},"line":15}},"branchMap":{},"s":{"0":4,"1":4,"2":1,"3":4,"4":1,"5":4,"6":1,"7":4,"8":1,"9":4},"f":{"0":1,"1":1,"2":1,"3":1},"b":{},"_coverageSchema":"1a1c01bbd47fc00a2c39e90264f33305004495a9","hash":"44ab03509cd300f95b244f7403d66b78cc6e0fcb"}
}
